"../../../../../unreal projects/ANUContainer/Content/container/M_Default.uasset" 0
"../../../../../unreal projects/ANUContainer/Content/container/Default.uasset" 1
"../../../../../unreal projects/ANUContainer/Content/container/Container_roof-perf-thing.uasset" 2
"../../../../../unreal projects/ANUContainer/Content/Geometry/Meshes/CubeMaterial.uasset" 3
"../../../../../unreal projects/ANUContainer/Content/Geometry/Meshes/1M_Cube_Chamfer.uasset" 4
"../../../../../unreal projects/ANUContainer/Content/Geometry/Meshes/TemplateFloor.uasset" 5
"../../../../../unreal projects/ANUContainer/Content/misc/ContainerContents_12m_FS-panel_pro_panel-1_12m_FS-PC_panel.uasset" 6
"../../../../../unreal projects/ANUContainer/Content/misc/ContainerContents_12m_fs_perf_plech.uasset" 7
"../../../../../unreal projects/ANUContainer/Content/misc/ContainerContents_akumulacniNadrz.uasset" 8
"../../../../../unreal projects/ANUContainer/Content/misc/ContainerContents_ANLI070.uasset" 9
"../../../../../unreal projects/ANUContainer/Content/misc/ContainerContents_chladicSvetel.uasset" 10
"../../../../../unreal projects/ANUContainer/Content/misc/ContainerContents_CVB600.uasset" 11
"../../../../../unreal projects/ANUContainer/Content/misc/ContainerContents_DHA.uasset" 12
"../../../../../unreal projects/ANUContainer/Content/misc/ContainerContents_doplnkovyPlech.uasset" 13
"../../../../../unreal projects/ANUContainer/Content/misc/ContainerContents_dvere_800_2000_zarubne.uasset" 14
"../../../../../unreal projects/ANUContainer/Content/misc/ContainerContents_PanelProPanel.uasset" 15
"../../../../../unreal projects/ANUContainer/Content/misc/ContainerContents_PC_panel_10inch_PMW10ID3S_2-1_12m_FS-PC_panel.uasset" 16
"../../../../../unreal projects/ANUContainer/Content/misc/ContainerContents_PodstropniPlech.uasset" 17
"../../../../../unreal projects/ANUContainer/Content/misc/ContainerContents_PotrubiSvetet.uasset" 18
"../../../../../unreal projects/ANUContainer/Content/misc/ContainerContents_RamSvetlaPricny.uasset" 19
"../../../../../unreal projects/ANUContainer/Content/misc/ContainerContents_Rozvadec_700_400_2010.uasset" 20
"../../../../../unreal projects/ANUContainer/Content/misc/ContainerContents_StropPredsin.uasset" 21
"../../../../../unreal projects/ANUContainer/Content/misc/ContainerContents_SvetkaPodelny.uasset" 22
"../../../Engine/Content/Functions/Engine_MaterialFunctions01/Opacity/CameraDepthFade.uasset" 23
"../../../Engine/Content/EngineMaterials/T_Default_Material_Grid_M.uasset" 24
"../../../Engine/Content/EngineMaterials/T_Default_Material_Grid_N.uasset" 25
"../../../Engine/Content/EngineMaterials/WorldGridMaterial.uasset" 26
"../../../Engine/Content/ArtTools/RenderToTexture/Meshes/S_1_Unit_Plane.uasset" 27
"../../../Engine/Content/EngineMaterials/DefaultMaterial.uasset" 28
"../../../Engine/Content/BasicShapes/Cone.uasset" 29
"../../../Engine/Content/BasicShapes/Cube.uasset" 30
"../../../Engine/Content/BasicShapes/Plane.uasset" 31
"../../../Engine/Content/EditorLandscapeResources/DataLayer.uasset" 32
"../../../Engine/Content/EditorMaterials/GizmoMaterial.uasset" 33
"../../../Engine/Content/EditorMaterials/MAT_Groups_Toggle.uasset" 34
"../../../Engine/Content/EditorMaterials/MAT_Groups_Visibility.uasset" 35
"../../../Engine/Content/EditorMaterials/PreviewShadowIndicator.uasset" 36
"../../../Engine/Content/EditorMaterials/PreviewShadowIndicatorMaterial.uasset" 37
"../../../Engine/Content/EditorMaterials/MatineeGroups/MAT_ColorTrack.uasset" 38
"../../../Engine/Content/EditorMaterials/MatineeGroups/MAT_Groups_Anim.uasset" 39
"../../../Engine/Content/EditorMaterials/MatineeGroups/MAT_Groups_AudioMaster.uasset" 40
"../../../Engine/Content/EditorMaterials/MatineeGroups/MAT_Groups_Director.uasset" 41
"../../../Engine/Content/EditorMaterials/MatineeGroups/MAT_Groups_Event.uasset" 42
"../../../Engine/Content/EditorMaterials/MatineeGroups/MAT_Groups_Fade.uasset" 43
"../../../Engine/Content/EditorMaterials/MatineeGroups/MAT_Groups_Float.uasset" 44
"../../../Engine/Content/EditorMaterials/MatineeGroups/MAT_Groups_Move.uasset" 45
"../../../Engine/Content/EditorMaterials/MatineeGroups/MAT_Groups_Slomo.uasset" 46
"../../../Engine/Content/EditorMaterials/MatineeGroups/MAT_Groups_Sound.uasset" 47
"../../../Engine/Content/EditorMaterials/MatineeGroups/MAT_Groups_Vector.uasset" 48
"../../../Engine/Content/EditorMaterials/ParticleSystems/PSysThumbnail_NoImage.uasset" 49
"../../../Engine/Content/EditorMaterials/ParticleSystems/PSysThumbnail_OOD.uasset" 50
"../../../Engine/Content/EditorMaterials/Camera/CineMat.uasset" 51
"../../../Engine/Content/EditorMaterials/Camera/MI_CineMat_Rig.uasset" 52
"../../../Engine/Content/EditorMeshes/Camera/SM_CraneRig_Arm.uasset" 53
"../../../Engine/Content/EditorMeshes/Camera/SM_CraneRig_Base.uasset" 54
"../../../Engine/Content/EditorMeshes/Camera/SM_CraneRig_Body.uasset" 55
"../../../Engine/Content/EditorMeshes/Camera/SM_CraneRig_Mount.uasset" 56
"../../../Engine/Content/EditorMeshes/Camera/SM_RailRig_Mount.uasset" 57
"../../../Engine/Content/EditorMeshes/Camera/SM_RailRig_Track.uasset" 58
"../../../Engine/Content/EditorResources/BSPVertex.uasset" 59
"../../../Engine/Content/EditorResources/EmptyActor.uasset" 60
"../../../Engine/Content/EditorResources/S_Actor.uasset" 61
"../../../Engine/Content/EditorResources/S_Trigger.uasset" 62
"../../../Engine/Content/EditorResources/LightIcons/S_LightError.uasset" 63
"../../../Engine/Content/EditorResources/SequenceRecorder/Countdown.uasset" 64
"../../../Engine/Content/EditorResources/SequenceRecorder/RecordingIndicator.uasset" 65
"../../../Engine/Content/EditorSounds/Notifications/CompileFailed.uasset" 66
"../../../Engine/Content/EditorSounds/Notifications/CompileFailed_Cue.uasset" 67
"../../../Engine/Content/EditorSounds/Notifications/CompileSuccess.uasset" 68
"../../../Engine/Content/EditorSounds/Notifications/CompileStart_Cue.uasset" 69
"../../../Engine/Content/EditorSounds/Notifications/CompileSuccess_Cue.uasset" 70
"../../../Engine/Content/EngineDamageTypes/DmgTypeBP_Environmental.uasset" 71
"../../../Engine/Content/EngineDebugMaterials/HeatmapGradient.uasset" 72
"../../../Engine/Content/EngineDebugMaterials/BoneWeightMaterial.uasset" 73
"../../../Engine/Content/EngineDebugMaterials/ClothMaterial.uasset" 74
"../../../Engine/Content/EngineDebugMaterials/ClothMaterial_WF.uasset" 75
"../../../Engine/Content/EngineDebugMaterials/DebugEditorMaterial.uasset" 76
"../../../Engine/Content/EngineDebugMaterials/DebugMeshMaterial.uasset" 77
"../../../Engine/Content/EngineDebugMaterials/GeomMaterial.uasset" 78
"../../../Engine/Content/EngineDebugMaterials/M_SimpleTranslucent.uasset" 79
"../../../Engine/Content/EngineFonts/Faces/RobotoBold.uasset" 80
"../../../Engine/Content/EngineFonts/Faces/RobotoBoldItalic.uasset" 81
"../../../Engine/Content/EngineFonts/Faces/RobotoItalic.uasset" 82
"../../../Engine/Content/EngineFonts/Faces/RobotoLight.uasset" 83
"../../../Engine/Content/EngineFonts/Faces/RobotoRegular.uasset" 84
"../../../Engine/Content/EngineFonts/Roboto.uasset" 85
"../../../Engine/Content/EngineFonts/Faces/RobotoTiny.uasset" 86
"../../../Engine/Content/EngineFonts/RobotoTiny.uasset" 87
"../../../Engine/Content/EngineMaterials/BaseFlattenDiffuseMap.uasset" 88
"../../../Engine/Content/EngineMaterials/BaseFlattenEmissiveMap.uasset" 89
"../../../Engine/Content/EngineMaterials/BaseFlattenGrayscaleMap.uasset" 90
"../../../Engine/Content/EngineMaterials/BaseFlattenNormalMap.uasset" 91
"../../../Engine/Content/EngineMaterials/BaseFlattenMaterial.uasset" 92
"../../../Engine/Content/EngineMaterials/DefaultBloomKernel.uasset" 93
"../../../Engine/Content/EngineMaterials/DefaultBokeh.uasset" 94
"../../../Engine/Content/EngineMaterials/DefaultDiffuse.uasset" 95
"../../../Engine/Content/EngineMaterials/DefaultDeferredDecalMaterial.uasset" 96
"../../../Engine/Content/EngineMaterials/DefaultLightFunctionMaterial.uasset" 97
"../../../Engine/Content/EngineMaterials/DefaultPhysicalMaterial.uasset" 98
"../../../Engine/Content/Functions/Engine_MaterialFunctions02/Utility/BreakOutFloat2Components.uasset" 99
"../../../Engine/Content/EngineMaterials/DefaultPostProcessMaterial.uasset" 100
"../../../Engine/Content/EngineFonts/RobotoDistanceField.uasset" 101
"../../../Engine/Content/EngineMaterials/DefaultTextMaterialOpaque.uasset" 102
"../../../Engine/Content/EngineMaterials/DefaultWhiteGrid.uasset" 103
"../../../Engine/Content/EngineMaterials/EditorBrushMaterial.uasset" 104
"../../../Engine/Content/EngineMaterials/MiniFont.uasset" 105
"../../../Engine/Content/EngineMaterials/InvalidLightmapSettings.uasset" 106
"../../../Engine/Content/EngineMaterials/M_InvalidLightmapSettings.uasset" 107
"../../../Engine/Content/Functions/Engine_MaterialFunctions02/WorldPositionOffset/CameraOffset.uasset" 108
"../../../Engine/Content/EngineMaterials/PhAT_JointLimitMaterial.uasset" 109
"../../../Engine/Content/EngineMaterials/PreintegratedSkinBRDF.uasset" 110
"../../../Engine/Content/EngineMaterials/RemoveSurfaceMaterial.uasset" 111
"../../../Engine/Content/EngineMaterials/WeightMapPlaceholderTexture.uasset" 112
"../../../Engine/Content/EngineResources/WhiteSquareTexture.uasset" 113
"../../../Engine/Content/EngineMaterials/Widget3DPassThrough.uasset" 114
"../../../Engine/Content/EngineMaterials/Widget3DPassThrough_Masked.uasset" 115
"../../../Engine/Content/EngineMaterials/Widget3DPassThrough_Opaque.uasset" 116
"../../../Engine/Content/EngineMaterials/Widget3DPassThrough_Masked_OneSided.uasset" 117
"../../../Engine/Content/EngineMaterials/Widget3DPassThrough_Opaque_OneSided.uasset" 118
"../../../Engine/Content/EngineMaterials/Widget3DPassThrough_Translucent.uasset" 119
"../../../Engine/Content/EngineMaterials/Widget3DPassThrough_Translucent_OneSided.uasset" 120
"../../../Engine/Content/EngineMeshes/Cylinder.uasset" 121
"../../../Engine/Content/EngineMeshes/Sphere.uasset" 122
"../../../Engine/Content/EngineResources/Black.uasset" 123
"../../../Engine/Content/EngineResources/DefaultTexture.uasset" 124
"../../../Engine/Content/EngineResources/DefaultTextureCube.uasset" 125
"../../../Engine/Content/EngineResources/DefaultVolumeTexture2D.uasset" 126
"../../../Engine/Content/EngineResources/DefaultVolumeTexture.uasset" 127
"../../../Engine/Content/EngineResources/GradientTexture0.uasset" 128
"../../../Engine/Content/EngineSounds/Master.uasset" 129
"../../../Engine/Content/Functions/Engine_MaterialFunctions01/Shading/ConvertFromDiffSpec.uasset" 130
"../../../Engine/Content/Functions/Engine_MaterialFunctions01/Shading/PowerToRoughness.uasset" 131
"../../../Engine/Content/Maps/Templates/Thumbnails/Default.uasset" 132
"../../../Engine/Content/Maps/Templates/Thumbnails/VR-Basic.uasset" 133
"../../../Engine/Content/MobileResources/T_MobileControls_texture.uasset" 134
"../../../Engine/Content/MobileResources/T_MobileMenu2.uasset" 135
"../../../Engine/Content/MobileResources/HUD/AnalogHat.uasset" 136
"../../../Engine/Content/MobileResources/HUD/VirtualJoystick_Background.uasset" 137
"../../../Engine/Content/MobileResources/HUD/VirtualJoystick_Thumb.uasset" 138
"../../../Engine/Content/MobileResources/HUD/DefaultVirtualJoysticks.uasset" 139
"../../../Engine/Content/MobileResources/HUD/LeftVirtualJoystickOnly.uasset" 140
"../../../Engine/Content/MobileResources/HUD/MobileHUDButton1_off.uasset" 141
"../../../Engine/Content/MobileResources/HUD/MobileHUDButton1_on.uasset" 142
"../../../Engine/Content/MobileResources/HUD/MobileHUDButton2_off.uasset" 143
"../../../Engine/Content/MobileResources/HUD/MobileHUDButton2_on.uasset" 144
"../../../Engine/Content/MobileResources/HUD/MobileHUDButton3.uasset" 145
"../../../Engine/Content/MobileResources/HUD/MobileHUDButtonFire.uasset" 146
"../../../Engine/Content/MobileResources/HUD/MobileHUDDirectionPad.uasset" 147
"../../../Engine/Content/MobileResources/HUD/MobileHUDDirectionPad2.uasset" 148
"../../../Engine/Content/MobileResources/HUD/MobileHUDDirectionPad3.uasset" 149
"../../../Engine/Content/MobileResources/HUD/MobileHUDDirectionStick.uasset" 150
"../../../Engine/Content/MobileResources/HUD/T_Castle_ThumbstickInner.uasset" 151
"../../../Engine/Content/MobileResources/HUD/T_Castle_ThumbstickOutter.uasset" 152
"../../../Engine/Content/Tutorial/ContentIntroCurve.uasset" 153
"../../../Engine/Content/Tutorial/Basics/TutorialAssets/icon_tab_Levels_40x.uasset" 154
"../../../Engine/Content/Tutorial/BlueprintTutorials/TutorialAssets/Blueprint_64x.uasset" 155
"../../../Engine/Content/VREditor/LaserPointer/VR_LaserPower_01.uasset" 156
"../../../Engine/Content/VREditor/TransformGizmo/TransformGizmoMaterial.uasset" 157
"../../../Engine/Content/VREditor/TransformGizmo/TranslucentTransformGizmoMaterial.uasset" 158
"../../../Engine/Content/VREditor/TransformGizmo/BoundingBoxCorner.uasset" 159
"../../../Engine/Content/VREditor/TransformGizmo/BoundingBoxEdge.uasset" 160
"../../../Engine/Content/VREditor/TransformGizmo/PlaneTranslationHandle.uasset" 161
"../../../Engine/Content/VREditor/TransformGizmo/Main.uasset" 162
"../../../Engine/Content/VREditor/TransformGizmo/Xray.uasset" 163
"../../../Engine/Content/VREditor/TransformGizmo/SM_Sequencer_Key.uasset" 164
"../../../Engine/Content/VREditor/TransformGizmo/SM_Sequencer_Node.uasset" 165
"../../Plugins/2D/Paper2D/Content/PlaceholderTextures/DummySpriteTexture.uasset" 166
"../../Plugins/2D/Paper2D/Content/DummySprite.uasset" 167
"../../Plugins/2D/Paper2D/Content/DefaultPaperTerrainMaterial.uasset" 168
"../../Plugins/2D/Paper2D/Content/DefaultSpriteMaterial.uasset" 169
"../../Plugins/2D/Paper2D/Content/MaskedUnlitSpriteMaterial.uasset" 170
"../../Plugins/2D/Paper2D/Content/OpaqueUnlitSpriteMaterial.uasset" 171
"../../Plugins/Runtime/Oculus/OculusVR/Content/Materials/PokeAHoleMaterial.uasset" 172
"../../Plugins/Runtime/Oculus/OculusVR/Content/Textures/GearVRController_AO.uasset" 173
"../../Plugins/Runtime/Oculus/OculusVR/Content/Textures/GearVRController_Color.uasset" 174
"../../Plugins/Runtime/Oculus/OculusVR/Content/Textures/GearVRController_Normal.uasset" 175
"../../Plugins/Runtime/Oculus/OculusVR/Content/Materials/GearVRControllerMaterial.uasset" 176
"../../Plugins/Runtime/Oculus/OculusVR/Content/Meshes/GearVrController.uasset" 177
"../../Plugins/Runtime/Oculus/OculusVR/Content/Textures/touchController_albedo.uasset" 178
"../../Plugins/Runtime/Oculus/OculusVR/Content/Textures/touchController_controlmap.uasset" 179
"../../Plugins/Runtime/Oculus/OculusVR/Content/Materials/touchController_mat.uasset" 180
"../../Plugins/Runtime/Oculus/OculusVR/Content/Meshes/LeftTouchController.uasset" 181
"../../Plugins/Runtime/Oculus/OculusVR/Content/Meshes/RiftHMD.uasset" 182
"../../Plugins/Runtime/Oculus/OculusVR/Content/Meshes/RightTouchController.uasset" 183
"../../../Engine/Content/EditorBlueprintResources/StandardMacros.uasset" 184
"../../../Engine/Content/EngineSky/C_Sky_Cloud_Color.uasset" 185
"../../../Engine/Content/EngineSky/C_Sky_Horizon_Color.uasset" 186
"../../../Engine/Content/EngineSky/C_Sky_Zenith_Color.uasset" 187
"../../../Engine/Content/EngineSky/T_Sky_Blue.uasset" 188
"../../../Engine/Content/EngineSky/T_Sky_Clouds_M.uasset" 189
"../../../Engine/Content/EngineSky/T_Sky_Stars.uasset" 190
"../../../Engine/Content/EngineSky/M_Sky_Panning_Clouds2.uasset" 191
"../../../Engine/Content/EngineSky/SM_SkySphere.uasset" 192
"../../../Engine/Content/EngineSky/BP_Sky_Sphere.uasset" 193
"../../../../../unreal projects/ANUContainer/Content/VirtualReality/Mannequin/Character/Mesh/MannequinHand_Right_Skeleton.uasset" 194
"../../../../../unreal projects/ANUContainer/Content/VirtualReality/Mannequin/Animations/MannequinHand_Right_CanGrab.uasset" 195
"../../../../../unreal projects/ANUContainer/Content/VirtualReality/Mannequin/Animations/MannequinHand_Right_Grab.uasset" 196
"../../../../../unreal projects/ANUContainer/Content/VirtualReality/Mannequin/Animations/MannequinHand_Right_Open.uasset" 197
"../../../../../unreal projects/ANUContainer/Content/VirtualReality/Mannequin/Animations/RightGrip_BS.uasset" 198
"../../../../../unreal projects/ANUContainer/Content/VirtualRealityBP/Blueprints/GripEnum.uasset" 199
"../../../../../unreal projects/ANUContainer/Content/VirtualReality/Mannequin/Animations/RightHand_AnimBP.uasset" 200
"../../../../../unreal projects/ANUContainer/Content/VirtualRealityBP/Blueprints/PickupActorInterface.uasset" 201
"../../../../../unreal projects/ANUContainer/Content/VirtualRealityBP/Blueprints/MotionControllerHaptics.uasset" 202
"../../../Engine/Content/Functions/Engine_MaterialFunctions01/Texturing/ScaleUVsByCenter.uasset" 203
"../../../Engine/Content/Functions/Engine_MaterialFunctions02/ScreenResolution.uasset" 204
"../../../Engine/Content/Functions/Engine_MaterialFunctions02/Texturing/ScreenAlignedUVs.uasset" 205
"../../../Engine/Content/Functions/Engine_MaterialFunctions02/Utility/CameraDirectionVector.uasset" 206
"../../../Engine/Content/Functions/Engine_MaterialFunctions02/Utility/DepthFromWorldPosition.uasset" 207
"../../../../../unreal projects/ANUContainer/Content/VirtualReality/Materials/MF_OccludedPixels.uasset" 208
"../../../../../unreal projects/ANUContainer/Content/VirtualReality/Materials/TeleportMCP.uasset" 209
"../../../Engine/Content/EngineMaterials/Good64x64TilingNoiseHighFreq.uasset" 210
"../../../../../unreal projects/ANUContainer/Content/VirtualReality/Materials/M_ArcEndpoint.uasset" 211
"../../../../../unreal projects/ANUContainer/Content/VirtualReality/Materials/M_SplineArcMat.uasset" 212
"../../../../../unreal projects/ANUContainer/Content/VirtualReality/Materials/M_TeleportPreviews.uasset" 213
"../../../../../unreal projects/ANUContainer/Content/VirtualReality/Materials/MI_ChaperoneOutline.uasset" 214
"../../../../../unreal projects/ANUContainer/Content/VirtualReality/Materials/MI_TeleportCylinderPreview.uasset" 215
"../../../Engine/Content/BasicShapes/Cylinder.uasset" 216
"../../../Engine/Content/BasicShapes/Sphere.uasset" 217
"../../../../../unreal projects/ANUContainer/Content/VirtualReality/Mannequin/Character/Textures/UE4_Mannequin__normals.uasset" 218
"../../../../../unreal projects/ANUContainer/Content/VirtualReality/Mannequin/Character/Textures/UE4_Mannequin_MAT_MASKA.uasset" 219
"../../../../../unreal projects/ANUContainer/Content/VirtualReality/Mannequin/Character/Materials/M_HandMat.uasset" 220
"../../../../../unreal projects/ANUContainer/Content/VirtualReality/Mannequin/Character/Mesh/MannequinHand_Right_PhysicsAsset.uasset" 221
"../../../../../unreal projects/ANUContainer/Content/VirtualReality/Mannequin/Character/Mesh/MannequinHand_Right.uasset" 222
"../../../../../unreal projects/ANUContainer/Content/VirtualReality/Meshes/1x1_cube.uasset" 223
"../../../../../unreal projects/ANUContainer/Content/VirtualReality/Meshes/BeaconDirection.uasset" 224
"../../../../../unreal projects/ANUContainer/Content/VirtualReality/Meshes/BeamMesh.uasset" 225
"../../../../../unreal projects/ANUContainer/Content/VirtualReality/Meshes/SM_FatCylinder.uasset" 226
"../../../../../unreal projects/ANUContainer/Content/VirtualRealityBP/Blueprints/BP_MotionController.uasset" 227
"../../../../../unreal projects/ANUContainer/Content/VirtualRealityBP/Blueprints/MotionControllerPawn.uasset" 228
"../../../../../unreal projects/ANUContainer/Content/container_BuiltData.uasset" 229
"../../../../../unreal projects/ANUContainer/Content/container/M_BasicMetal.uasset" 230
"../../../../../unreal projects/ANUContainer/Content/container/M_ContainerPaint.uasset" 231
"../../../../../unreal projects/ANUContainer/Content/container/M_RoughMetal.uasset" 232
"../../../../../unreal projects/ANUContainer/Content/container/M_RoughMetal_Dark.uasset" 233
"../../../../../unreal projects/ANUContainer/Content/container/ceilingTrayThing.uasset" 234
"../../../../../unreal projects/ANUContainer/Content/container/Container_bottom-frame.uasset" 235
"../../../../../unreal projects/ANUContainer/Content/container/Container_ceiling.uasset" 236
"../../../../../unreal projects/ANUContainer/Content/container/Container_ceiling-thing.uasset" 237
"../../../../../unreal projects/ANUContainer/Content/container/Container_corner-supports.uasset" 238
"../../../../../unreal projects/ANUContainer/Content/container/Container_floor.uasset" 239
"../../../../../unreal projects/ANUContainer/Content/container/Container_front-door-frame.uasset" 240
"../../../../../unreal projects/ANUContainer/Content/container/Container_Interior-wall.uasset" 241
"../../../../../unreal projects/ANUContainer/Content/container/Container_top-frame.uasset" 242
"../../../../../unreal projects/ANUContainer/Content/container/Container_wall-back.uasset" 243
"../../../../../unreal projects/ANUContainer/Content/container/Container_wall-front.uasset" 244
"../../../../../unreal projects/ANUContainer/Content/container/Container_wall-left.uasset" 245
"../../../../../unreal projects/ANUContainer/Content/container/Container_wall-right.uasset" 246
"../../../../../unreal projects/ANUContainer/Content/container/door.uasset" 247
"../../../../../unreal projects/ANUContainer/Content/container/doorFrame.uasset" 248
"../../../../../unreal projects/ANUContainer/Content/container/RoofPerfThing.uasset" 249
"../../../../../unreal projects/ANUContainer/Content/container/Table.uasset" 250
"../../../../../unreal projects/ANUContainer/Content/container.umap" 251
"../../../Engine/Content/MapTemplates/SM_Template_Map_Floor.uasset" 252
"../../../../../unreal projects/ANUContainer/Content/Untitled.umap" 253
"../../../../../unreal projects/ANUContainer/Content/VirtualRealityBP/Blueprints/HMDLocomotionPawn.uasset" 254
"../../../../../unreal projects/ANUContainer/Content/VirtualRealityBP/Maps/HMDLocomotionMap_BuiltData.uasset" 255
"../../../../../unreal projects/ANUContainer/Content/VirtualReality/Materials/M_BaseMaterial.uasset" 256
"../../../../../unreal projects/ANUContainer/Content/VirtualReality/Materials/MI_BaseMaterial2.uasset" 257
"../../../../../unreal projects/ANUContainer/Content/VirtualReality/Materials/MI_BaseMaterial3.uasset" 258
"../../../../../unreal projects/ANUContainer/Content/Geometry/Meshes/1M_Cube.uasset" 259
"../../../../../unreal projects/ANUContainer/Content/VirtualRealityBP/Maps/HMDLocomotionMap.umap" 260
"../../../../../unreal projects/ANUContainer/Content/VirtualReality/Materials/MI_SmallCubes.uasset" 261
"../../../../../unreal projects/ANUContainer/Content/VirtualRealityBP/Blueprints/BP_PickupCube.uasset" 262
"../../../../../unreal projects/ANUContainer/Content/VirtualRealityBP/Maps/MotionControllerMap_BuiltData.uasset" 263
"../../../../../unreal projects/ANUContainer/Content/VirtualRealityBP/Maps/MotionControllerMap.umap" 264
"../../../../../unreal projects/ANUContainer/Content/VirtualRealityBP/Maps/StartupMap_BuiltData.uasset" 265
"../../../../../unreal projects/ANUContainer/Content/VirtualReality/Materials/GenericHMDMaterial.uasset" 266
"../../../Engine/Content/MapTemplates/Sky/DaylightAmbientCubemap.uasset" 267
"../../../../../unreal projects/ANUContainer/Content/VirtualReality/Meshes/GenericHMD.uasset" 268
"../../../../../unreal projects/ANUContainer/Content/VirtualRealityBP/Maps/StartupMap.umap" 269
"../../../Engine/Content/Maps/Entry_BuiltData.uasset" 270
"../../../Engine/Content/Maps/Entry.umap" 271
